[2025-09-17 11:43:27] [DEBUG] mqtt2modbus.main - Konfiguracija učitana: mqtt2modbus.config.Config@1df8da7a
[2025-09-17 11:43:27] [DEBUG] mqtt2modbus.file.FileHandler - Učitana konfiguracija: 1|publisher1/data
[2025-09-17 11:43:27] [DEBUG] mqtt2modbus.file.FileHandler - Učitana konfiguracija: 2|publisher1/data
[2025-09-17 11:43:27] [DEBUG] mqtt2modbus.file.FileHandler - Učitana konfiguracija: 3|publisher1/data
[2025-09-17 11:43:27] [DEBUG] mqtt2modbus.file.FileHandler - Učitana konfiguracija: 1|publisher2/data
[2025-09-17 11:43:27] [DEBUG] mqtt2modbus.file.FileHandler - Učitana konfiguracija: 2|publisher2/data
[2025-09-17 11:43:27] [DEBUG] mqtt2modbus.file.FileHandler - Učitana konfiguracija: 3|publisher2/data
[2025-09-17 11:43:27] [INFO ] mqtt2modbus.file.FileHandler - Teme na koje postoji subscribe: [publisher2/data, publisher1/data]
[2025-09-17 11:43:28] [INFO ] mqtt2modbus.main - ModbusHandler uspešno inicijalizovan.
[2025-09-17 11:43:28] [DEBUG] mqtt2modbus.mqtt.MqttHandler - MqttHandler uspešno inicijalizovan za broker: tcp://localhost:1883
[2025-09-17 11:43:28] [INFO ] mqtt2modbus.mqtt.MqttHandler - MQTT klijent uspešno konektovan.
[2025-09-17 11:43:28] [INFO ] mqtt2modbus.mqtt.MqttHandler - Povezan na: tcp://localhost:1883 
[2025-09-17 11:43:28] [DEBUG] mqtt2modbus.mqtt.MqttHandler - Subscribovan na temu: publisher2/data
[2025-09-17 11:43:28] [DEBUG] mqtt2modbus.mqtt.MqttHandler - Subscribovan na temu: publisher1/data
[2025-09-17 11:43:32] [INFO ] mqtt2modbus.mqtt.MqttHandler - [publisher1/data] Primljena validna poruka: {"sensorId":"FST-123","deviceType":2,"batteryLevel":9,"EnvironmentalData":{"fireRiskLevel":2,"values":[77,35,92,97,18]}}
[2025-09-17 11:43:32] [INFO ] mqtt2modbus.modbus.ModbusHandler - Uspešno upisane vrednosti
[2025-09-17 11:43:42] [INFO ] mqtt2modbus.mqtt.MqttHandler - [publisher1/data] Primljena validna poruka: {"sensorId":"FST-001","deviceType":0,"batteryLevel":64,"EnvironmentalData":{"fireRiskLevel":5,"values":[74,5,27,32,16]}}
[2025-09-17 11:43:42] [ERROR] mqtt2modbus.file.FileHandler - Nema konfiguracije za primljenu poruku: deviceType=0, topic=publisher1/data
[2025-09-17 11:43:52] [INFO ] mqtt2modbus.mqtt.MqttHandler - [publisher1/data] Primljena validna poruka: {"sensorId":"FST-123","deviceType":3,"batteryLevel":41,"EnvironmentalData":{"fireRiskLevel":5,"values":[96,11,14,14,90]}}
[2025-09-17 11:44:02] [INFO ] mqtt2modbus.mqtt.MqttHandler - [publisher1/data] Primljena validna poruka: {"sensorId":"FST-047","deviceType":1,"batteryLevel":61,"EnvironmentalData":{"fireRiskLevel":4,"values":[48,43,6,25,31]}}
[2025-09-17 11:44:12] [INFO ] mqtt2modbus.mqtt.MqttHandler - [publisher1/data] Primljena validna poruka: {"sensorId":"FST-047","deviceType":1,"batteryLevel":64,"EnvironmentalData":{"fireRiskLevel":0,"values":[46,12,15,33,86]}}
[2025-09-17 11:44:22] [INFO ] mqtt2modbus.mqtt.MqttHandler - [publisher1/data] Primljena validna poruka: {"sensorId":"FST-001","deviceType":1,"batteryLevel":74,"EnvironmentalData":{"fireRiskLevel":0,"values":[29,48,85,10,2]}}
[2025-09-17 11:44:32] [INFO ] mqtt2modbus.mqtt.MqttHandler - [publisher1/data] Primljena validna poruka: {"sensorId":"FST-001","deviceType":1,"batteryLevel":46,"EnvironmentalData":{"fireRiskLevel":0,"values":[47,14,15,34,69]}}
[2025-09-17 11:44:42] [INFO ] mqtt2modbus.mqtt.MqttHandler - [publisher1/data] Primljena validna poruka: {"sensorId":"FST-123","deviceType":1,"batteryLevel":5,"EnvironmentalData":{"fireRiskLevel":2,"values":[25,100,57,100,28]}}
