[2025-09-17 12:07:26] [DEBUG] mqtt2modbus.main - Konfiguracija učitana: mqtt2modbus.config.Config@23941fb4
[2025-09-17 12:07:27] [DEBUG] mqtt2modbus.file.FileHandler - Učitana konfiguracija: 1|publisher1/data
[2025-09-17 12:07:27] [DEBUG] mqtt2modbus.file.FileHandler - Učitana konfiguracija: 2|publisher1/data
[2025-09-17 12:07:27] [DEBUG] mqtt2modbus.file.FileHandler - Učitana konfiguracija: 3|publisher1/data
[2025-09-17 12:07:27] [DEBUG] mqtt2modbus.file.FileHandler - Učitana konfiguracija: 1|publisher2/data
[2025-09-17 12:07:27] [DEBUG] mqtt2modbus.file.FileHandler - Učitana konfiguracija: 2|publisher2/data
[2025-09-17 12:07:27] [DEBUG] mqtt2modbus.file.FileHandler - Učitana konfiguracija: 3|publisher2/data
[2025-09-17 12:07:27] [INFO ] mqtt2modbus.file.FileHandler - Teme na koje postoji subscribe: [publisher2/data, publisher1/data]
[2025-09-17 12:07:27] [INFO ] mqtt2modbus.modbus.ModbusHandler - Uspešno povezan na Modbus 127.0.0.1:502 (slaveId=1)
[2025-09-17 12:07:27] [INFO ] mqtt2modbus.main - ModbusHandler uspešno inicijalizovan.
[2025-09-17 12:07:27] [DEBUG] mqtt2modbus.mqtt.MqttHandler - MqttHandler uspešno inicijalizovan za broker: tcp://localhost:1883
[2025-09-17 12:07:27] [INFO ] mqtt2modbus.mqtt.MqttHandler - MQTT klijent uspešno konektovan.
[2025-09-17 12:07:27] [INFO ] mqtt2modbus.mqtt.MqttHandler - Povezan na: tcp://localhost:1883 
[2025-09-17 12:07:27] [DEBUG] mqtt2modbus.mqtt.MqttHandler - Subscribovan na temu: publisher2/data
[2025-09-17 12:07:27] [DEBUG] mqtt2modbus.mqtt.MqttHandler - Subscribovan na temu: publisher1/data
[2025-09-17 12:07:32] [INFO ] mqtt2modbus.mqtt.MqttHandler - [publisher1/data] Primljena validna poruka: {"sensorId":"FST-047","deviceType":0,"batteryLevel":43,"EnvironmentalData":{"fireRiskLevel":0,"values":[47,60,91,80,22]}}
[2025-09-17 12:07:32] [ERROR] mqtt2modbus.file.FileHandler - Nema konfiguracije za primljenu poruku: deviceType=0, topic=publisher1/data
[2025-09-17 12:07:42] [INFO ] mqtt2modbus.mqtt.MqttHandler - [publisher1/data] Primljena validna poruka: {"sensorId":"FST-047","deviceType":0,"batteryLevel":91,"EnvironmentalData":{"fireRiskLevel":5,"values":[22,48,78,65,81]}}
[2025-09-17 12:07:42] [ERROR] mqtt2modbus.file.FileHandler - Nema konfiguracije za primljenu poruku: deviceType=0, topic=publisher1/data
[2025-09-17 12:07:52] [INFO ] mqtt2modbus.mqtt.MqttHandler - [publisher1/data] Primljena validna poruka: {"sensorId":"FST-001","deviceType":2,"batteryLevel":65,"EnvironmentalData":{"fireRiskLevel":1,"values":[62,88,100,75,62]}}
[2025-09-17 12:08:02] [INFO ] mqtt2modbus.mqtt.MqttHandler - [publisher1/data] Primljena validna poruka: {"sensorId":"FST-001","deviceType":1,"batteryLevel":84,"EnvironmentalData":{"fireRiskLevel":1,"values":[34,13,79,76,77]}}
[2025-09-17 12:08:12] [INFO ] mqtt2modbus.mqtt.MqttHandler - [publisher1/data] Primljena validna poruka: {"sensorId":"FST-001","deviceType":1,"batteryLevel":43,"EnvironmentalData":{"fireRiskLevel":0,"values":[23,90,10,36,89]}}
[2025-09-17 12:08:22] [INFO ] mqtt2modbus.mqtt.MqttHandler - [publisher1/data] Primljena validna poruka: {"sensorId":"FST-047","deviceType":0,"batteryLevel":21,"EnvironmentalData":{"fireRiskLevel":4,"values":[89,13,26,1,27]}}
[2025-09-17 12:08:22] [ERROR] mqtt2modbus.file.FileHandler - Nema konfiguracije za primljenu poruku: deviceType=0, topic=publisher1/data
[2025-09-17 12:08:33] [INFO ] mqtt2modbus.mqtt.MqttHandler - [publisher1/data] Primljena validna poruka: {"sensorId":"FST-047","deviceType":3,"batteryLevel":90,"EnvironmentalData":{"fireRiskLevel":1,"values":[26,66,17,65,44]}}
[2025-09-17 12:08:43] [INFO ] mqtt2modbus.mqtt.MqttHandler - [publisher1/data] Primljena validna poruka: {"sensorId":"FST-047","deviceType":2,"batteryLevel":29,"EnvironmentalData":{"fireRiskLevel":1,"values":[13,86,11,69,24]}}
[2025-09-17 12:08:53] [INFO ] mqtt2modbus.mqtt.MqttHandler - [publisher1/data] Primljena validna poruka: {"sensorId":"FST-089","deviceType":2,"batteryLevel":8,"EnvironmentalData":{"fireRiskLevel":5,"values":[35,98,22,25,29]}}
