[2025-09-17 12:21:24] [INFO ] mqtt2modbus.file.FileHandler - Teme na koje postoji subscribe: [publisher2/data, publisher1/data]
[2025-09-17 12:21:24] [INFO ] mqtt2modbus.modbus.ModbusHandler - Uspešno povezan na Modbus 127.0.0.1:502 (slaveId=1)
[2025-09-17 12:21:24] [INFO ] mqtt2modbus.main - ModbusHandler uspešno inicijalizovan.
[2025-09-17 12:21:25] [INFO ] mqtt2modbus.mqtt.MqttHandler - MQTT klijent uspešno konektovan.
[2025-09-17 12:21:25] [INFO ] mqtt2modbus.mqtt.MqttHandler - Povezan na: tcp://localhost:1883 
[2025-09-17 12:21:31] [INFO ] mqtt2modbus.mqtt.MqttHandler - [publisher1/data] Primljena validna poruka: {"sensorId":"FST-089","deviceType":0,"batteryLevel":60,"EnvironmentalData":{"fireRiskLevel":0,"values":[21,89,46,72,38]}}
[2025-09-17 12:21:31] [ERROR] mqtt2modbus.file.FileHandler - Nema konfiguracije za primljenu poruku: deviceType=0, topic=publisher1/data
[2025-09-17 12:21:41] [INFO ] mqtt2modbus.mqtt.MqttHandler - [publisher1/data] Primljena validna poruka: {"sensorId":"FST-089","deviceType":0,"batteryLevel":47,"EnvironmentalData":{"fireRiskLevel":2,"values":[50,20,5,86,10]}}
[2025-09-17 12:21:41] [ERROR] mqtt2modbus.file.FileHandler - Nema konfiguracije za primljenu poruku: deviceType=0, topic=publisher1/data
[2025-09-17 12:21:51] [INFO ] mqtt2modbus.mqtt.MqttHandler - [publisher1/data] Primljena validna poruka: {"sensorId":"FST-089","deviceType":1,"batteryLevel":27,"EnvironmentalData":{"fireRiskLevel":4,"values":[16,90,2,58,27]}}
[2025-09-17 12:21:51] [INFO ] mqtt2modbus.modbus.ModbusHandler - Uspešno upisane vrednosti
[2025-09-17 12:22:01] [INFO ] mqtt2modbus.mqtt.MqttHandler - [publisher1/data] Primljena validna poruka: {"sensorId":"FST-047","deviceType":1,"batteryLevel":0,"EnvironmentalData":{"fireRiskLevel":5,"values":[77,78,39,6,55]}}
[2025-09-17 12:22:06] [ERROR] mqtt2modbus.modbus.ModbusHandler - Greška pri upisu više vrednosti request timed out after 5000ms milliseconds.
[2025-09-17 12:22:11] [INFO ] mqtt2modbus.mqtt.MqttHandler - [publisher1/data] Primljena validna poruka: {"sensorId":"FST-123","deviceType":2,"batteryLevel":57,"EnvironmentalData":{"fireRiskLevel":3,"values":[81,40,18,14,69]}}
[2025-09-17 12:22:11] [ERROR] mqtt2modbus.modbus.ModbusHandler - Modbus nije povezan.
[2025-09-17 12:22:21] [INFO ] mqtt2modbus.mqtt.MqttHandler - [publisher1/data] Primljena validna poruka: {"sensorId":"FST-089","deviceType":2,"batteryLevel":90,"EnvironmentalData":{"fireRiskLevel":0,"values":[28,19,71,65,94]}}
[2025-09-17 12:22:21] [ERROR] mqtt2modbus.modbus.ModbusHandler - Modbus nije povezan.
[2025-09-17 12:22:25] [INFO ] mqtt2modbus.modbus.ModbusHandler - Uspešno povezan na Modbus 127.0.0.1:502 (slaveId=1)
[2025-09-17 12:22:31] [INFO ] mqtt2modbus.mqtt.MqttHandler - [publisher1/data] Primljena validna poruka: {"sensorId":"FST-001","deviceType":1,"batteryLevel":18,"EnvironmentalData":{"fireRiskLevel":5,"values":[87,55,36,94,13]}}
[2025-09-17 12:22:31] [INFO ] mqtt2modbus.modbus.ModbusHandler - Uspešno upisane vrednosti
[2025-09-17 12:22:41] [INFO ] mqtt2modbus.mqtt.MqttHandler - [publisher1/data] Primljena validna poruka: {"sensorId":"FST-089","deviceType":0,"batteryLevel":95,"EnvironmentalData":{"fireRiskLevel":2,"values":[63,64,84,70,84]}}
[2025-09-17 12:22:41] [ERROR] mqtt2modbus.file.FileHandler - Nema konfiguracije za primljenu poruku: deviceType=0, topic=publisher1/data
[2025-09-17 12:22:51] [INFO ] mqtt2modbus.mqtt.MqttHandler - [publisher1/data] Primljena validna poruka: {"sensorId":"FST-047","deviceType":3,"batteryLevel":98,"EnvironmentalData":{"fireRiskLevel":1,"values":[19,67,15,58,3]}}
[2025-09-17 12:22:51] [INFO ] mqtt2modbus.modbus.ModbusHandler - Uspešno upisane vrednosti
[2025-09-17 12:23:01] [INFO ] mqtt2modbus.mqtt.MqttHandler - [publisher1/data] Primljena validna poruka: {"sensorId":"FST-123","deviceType":0,"batteryLevel":40,"EnvironmentalData":{"fireRiskLevel":5,"values":[13,94,76,2,19]}}
[2025-09-17 12:23:01] [ERROR] mqtt2modbus.file.FileHandler - Nema konfiguracije za primljenu poruku: deviceType=0, topic=publisher1/data
[2025-09-17 12:23:11] [INFO ] mqtt2modbus.mqtt.MqttHandler - [publisher1/data] Primljena validna poruka: {"sensorId":"FST-001","deviceType":1,"batteryLevel":6,"EnvironmentalData":{"fireRiskLevel":2,"values":[84,42,46,27,85]}}
[2025-09-17 12:23:11] [INFO ] mqtt2modbus.modbus.ModbusHandler - Uspešno upisane vrednosti
[2025-09-17 12:23:21] [INFO ] mqtt2modbus.mqtt.MqttHandler - [publisher1/data] Primljena validna poruka: {"sensorId":"FST-047","deviceType":1,"batteryLevel":93,"EnvironmentalData":{"fireRiskLevel":3,"values":[96,56,92,66,50]}}
[2025-09-17 12:23:21] [INFO ] mqtt2modbus.modbus.ModbusHandler - Uspešno upisane vrednosti
[2025-09-17 12:23:31] [INFO ] mqtt2modbus.mqtt.MqttHandler - [publisher1/data] Primljena validna poruka: {"sensorId":"FST-047","deviceType":1,"batteryLevel":86,"EnvironmentalData":{"fireRiskLevel":2,"values":[92,87,85,57,4]}}
[2025-09-17 12:23:31] [INFO ] mqtt2modbus.modbus.ModbusHandler - Uspešno upisane vrednosti
[2025-09-17 12:23:41] [INFO ] mqtt2modbus.mqtt.MqttHandler - [publisher1/data] Primljena validna poruka: {"sensorId":"FST-001","deviceType":0,"batteryLevel":67,"EnvironmentalData":{"fireRiskLevel":4,"values":[62,38,75,52,29]}}
[2025-09-17 12:23:41] [ERROR] mqtt2modbus.file.FileHandler - Nema konfiguracije za primljenu poruku: deviceType=0, topic=publisher1/data
[2025-09-17 12:23:51] [INFO ] mqtt2modbus.mqtt.MqttHandler - [publisher1/data] Primljena validna poruka: {"sensorId":"FST-123","deviceType":0,"batteryLevel":33,"EnvironmentalData":{"fireRiskLevel":2,"values":[19,25,66,30,35]}}
[2025-09-17 12:23:51] [ERROR] mqtt2modbus.file.FileHandler - Nema konfiguracije za primljenu poruku: deviceType=0, topic=publisher1/data
[2025-09-17 12:24:01] [INFO ] mqtt2modbus.mqtt.MqttHandler - [publisher1/data] Primljena validna poruka: {"sensorId":"FST-089","deviceType":1,"batteryLevel":95,"EnvironmentalData":{"fireRiskLevel":4,"values":[74,2,97,47,32]}}
[2025-09-17 12:24:01] [INFO ] mqtt2modbus.modbus.ModbusHandler - Uspešno upisane vrednosti
[2025-09-17 12:24:11] [INFO ] mqtt2modbus.mqtt.MqttHandler - [publisher1/data] Primljena validna poruka: {"sensorId":"FST-001","deviceType":1,"batteryLevel":14,"EnvironmentalData":{"fireRiskLevel":3,"values":[46,24,88,64,41]}}
[2025-09-17 12:24:12] [INFO ] mqtt2modbus.modbus.ModbusHandler - Uspešno upisane vrednosti
[2025-09-17 12:24:22] [INFO ] mqtt2modbus.mqtt.MqttHandler - [publisher1/data] Primljena validna poruka: {"sensorId":"FST-047","deviceType":2,"batteryLevel":1,"EnvironmentalData":{"fireRiskLevel":1,"values":[43,31,92,63,53]}}
[2025-09-17 12:24:22] [INFO ] mqtt2modbus.modbus.ModbusHandler - Uspešno upisane vrednosti
[2025-09-17 12:24:32] [INFO ] mqtt2modbus.mqtt.MqttHandler - [publisher1/data] Primljena validna poruka: {"sensorId":"FST-001","deviceType":2,"batteryLevel":33,"EnvironmentalData":{"fireRiskLevel":2,"values":[89,3,17,34,43]}}
[2025-09-17 12:24:32] [INFO ] mqtt2modbus.modbus.ModbusHandler - Uspešno upisane vrednosti
[2025-09-17 12:24:42] [INFO ] mqtt2modbus.mqtt.MqttHandler - [publisher1/data] Primljena validna poruka: {"sensorId":"FST-089","deviceType":0,"batteryLevel":53,"EnvironmentalData":{"fireRiskLevel":2,"values":[51,73,4,67,36]}}
[2025-09-17 12:24:42] [ERROR] mqtt2modbus.file.FileHandler - Nema konfiguracije za primljenu poruku: deviceType=0, topic=publisher1/data
[2025-09-17 12:24:52] [INFO ] mqtt2modbus.mqtt.MqttHandler - [publisher1/data] Primljena validna poruka: {"sensorId":"FST-047","deviceType":0,"batteryLevel":11,"EnvironmentalData":{"fireRiskLevel":5,"values":[65,22,63,29,80]}}
[2025-09-17 12:24:52] [ERROR] mqtt2modbus.file.FileHandler - Nema konfiguracije za primljenu poruku: deviceType=0, topic=publisher1/data
[2025-09-17 12:25:02] [INFO ] mqtt2modbus.mqtt.MqttHandler - [publisher1/data] Primljena validna poruka: {"sensorId":"FST-123","deviceType":0,"batteryLevel":86,"EnvironmentalData":{"fireRiskLevel":2,"values":[4,94,56,45,58]}}
[2025-09-17 12:25:02] [ERROR] mqtt2modbus.file.FileHandler - Nema konfiguracije za primljenu poruku: deviceType=0, topic=publisher1/data
[2025-09-17 12:25:12] [INFO ] mqtt2modbus.mqtt.MqttHandler - [publisher1/data] Primljena validna poruka: {"sensorId":"FST-047","deviceType":2,"batteryLevel":59,"EnvironmentalData":{"fireRiskLevel":3,"values":[73,52,60,89,100]}}
[2025-09-17 12:25:12] [INFO ] mqtt2modbus.modbus.ModbusHandler - Uspešno upisane vrednosti
[2025-09-17 12:25:22] [INFO ] mqtt2modbus.mqtt.MqttHandler - [publisher1/data] Primljena validna poruka: {"sensorId":"FST-123","deviceType":2,"batteryLevel":28,"EnvironmentalData":{"fireRiskLevel":4,"values":[12,22,11,90,17]}}
[2025-09-17 12:25:22] [INFO ] mqtt2modbus.modbus.ModbusHandler - Uspešno upisane vrednosti
[2025-09-17 12:25:32] [INFO ] mqtt2modbus.mqtt.MqttHandler - [publisher1/data] Primljena validna poruka: {"sensorId":"FST-123","deviceType":1,"batteryLevel":43,"EnvironmentalData":{"fireRiskLevel":1,"values":[47,27,98,81,51]}}
[2025-09-17 12:25:32] [INFO ] mqtt2modbus.modbus.ModbusHandler - Uspešno upisane vrednosti
[2025-09-17 12:25:42] [INFO ] mqtt2modbus.mqtt.MqttHandler - [publisher1/data] Primljena validna poruka: {"sensorId":"FST-047","deviceType":3,"batteryLevel":31,"EnvironmentalData":{"fireRiskLevel":2,"values":[42,15,63,96,83]}}
[2025-09-17 12:25:42] [INFO ] mqtt2modbus.modbus.ModbusHandler - Uspešno upisane vrednosti
[2025-09-17 12:25:52] [INFO ] mqtt2modbus.mqtt.MqttHandler - [publisher1/data] Primljena validna poruka: {"sensorId":"FST-047","deviceType":2,"batteryLevel":20,"EnvironmentalData":{"fireRiskLevel":4,"values":[23,56,24,9,30]}}
[2025-09-17 12:25:52] [INFO ] mqtt2modbus.modbus.ModbusHandler - Uspešno upisane vrednosti
